0 info it worked if it ends with ok
1 verbose cli [ '/usr/local/bin/node',
1 verbose cli   '/usr/local/bin/npm',
1 verbose cli   'install',
1 verbose cli   'rails' ]
2 info using npm@2.14.4
3 info using node@v4.1.1
4 verbose config Skipping project config: /Users/danielpark/.npmrc. (matches userconfig)
5 verbose install initial load of /Users/danielpark/package.json
6 verbose installManyTop reading scoped package data from /Users/danielpark/node_modules/mongodb/package.json
7 verbose installManyTop reading scoped package data from /Users/danielpark/node_modules/wget/package.json
8 info package.json wget@0.0.1 No license field.
9 verbose readDependencies loading dependencies from /Users/danielpark/package.json
10 silly cache add args [ 'rails', null ]
11 verbose cache add spec rails
12 silly cache add parsed spec Result {
12 silly cache add   raw: 'rails',
12 silly cache add   scope: null,
12 silly cache add   name: 'rails',
12 silly cache add   rawSpec: '',
12 silly cache add   spec: '*',
12 silly cache add   type: 'range' }
13 silly addNamed rails@*
14 verbose addNamed "*" is a valid semver range for rails
15 silly addNameRange { name: 'rails', range: '*', hasData: false }
16 silly mapToRegistry name rails
17 silly mapToRegistry using default registry
18 silly mapToRegistry registry https://registry.npmjs.org/
19 silly mapToRegistry uri https://registry.npmjs.org/rails
20 verbose addNameRange registry:https://registry.npmjs.org/rails not in flight; fetching
21 verbose request uri https://registry.npmjs.org/rails
22 verbose request no auth needed
23 info attempt registry request try #1 at 2:49:55 PM
24 verbose request id 59b16a20489accbe
25 http request GET https://registry.npmjs.org/rails
26 http 200 https://registry.npmjs.org/rails
27 silly get cb [ 200,
27 silly get   { server: 'CouchDB/1.5.0 (Erlang OTP/R16B03)',
27 silly get     etag: '"BS9CL5ROO5LLAZRBFN739SMNE"',
27 silly get     'content-type': 'application/json',
27 silly get     'cache-control': 'max-age=60',
27 silly get     'content-length': '9759',
27 silly get     'accept-ranges': 'bytes',
27 silly get     date: 'Sat, 07 Nov 2015 19:49:56 GMT',
27 silly get     via: '1.1 varnish',
27 silly get     age: '0',
27 silly get     connection: 'keep-alive',
27 silly get     'x-served-by': 'cache-atl6225-ATL',
27 silly get     'x-cache': 'MISS',
27 silly get     'x-cache-hits': '0',
27 silly get     'x-timer': 'S1446925795.924892,VS0,VE88',
27 silly get     vary: 'Accept' } ]
28 verbose get saving rails to /Users/danielpark/.npm/registry.npmjs.org/rails/.cache.json
29 silly addNameRange number 2 { name: 'rails', range: '*', hasData: true }
30 silly addNameRange versions [ 'rails', [ '4.1.0-beta' ] ]
31 info addNameTag [ 'rails', 'latest' ]
32 silly mapToRegistry name rails
33 silly mapToRegistry using default registry
34 silly mapToRegistry registry https://registry.npmjs.org/
35 silly mapToRegistry uri https://registry.npmjs.org/rails
36 verbose addNameTag registry:https://registry.npmjs.org/rails already in flight; waiting
37 silly addNameTag next cb for rails with tag latest
38 silly addNamed rails@4.1.0-beta
39 verbose addNamed "4.1.0-beta" is a plain semver version for rails
40 silly mapToRegistry name rails
41 silly mapToRegistry using default registry
42 silly mapToRegistry registry https://registry.npmjs.org/
43 silly mapToRegistry uri https://registry.npmjs.org/rails
44 verbose addRemoteTarball https://registry.npmjs.org/rails/-/rails-4.1.0-beta.tgz not in flight; adding
45 verbose addRemoteTarball [ 'https://registry.npmjs.org/rails/-/rails-4.1.0-beta.tgz',
45 verbose addRemoteTarball   '9eb5552e380e7ad3aaacd1e453e80bdc2566adc4' ]
46 info retry fetch attempt 1 at 2:49:55 PM
47 info attempt registry request try #1 at 2:49:55 PM
48 http fetch GET https://registry.npmjs.org/rails/-/rails-4.1.0-beta.tgz
49 http fetch 200 https://registry.npmjs.org/rails/-/rails-4.1.0-beta.tgz
50 silly fetchAndShaCheck shasum 9eb5552e380e7ad3aaacd1e453e80bdc2566adc4
51 verbose stack Error: shasum check failed for /var/folders/c5/xz3x_wfn6kj6dws2j425fn8w0000gn/T/npm-6661-7cfb1f17/registry.npmjs.org/rails/-/rails-4.1.0-beta.tgz
51 verbose stack Expected: 9eb5552e380e7ad3aaacd1e453e80bdc2566adc4
51 verbose stack Actual:   7c6781caa4c55e5ce1783c450b8d494c6093d5c0
51 verbose stack From:     https://registry.npmjs.org/rails/-/rails-4.1.0-beta.tgz
51 verbose stack     at /usr/local/lib/node_modules/npm/node_modules/sha/index.js:38:8
51 verbose stack     at ReadStream.<anonymous> (/usr/local/lib/node_modules/npm/node_modules/sha/index.js:85:7)
51 verbose stack     at emitNone (events.js:72:20)
51 verbose stack     at ReadStream.emit (events.js:166:7)
51 verbose stack     at endReadableNT (_stream_readable.js:893:12)
51 verbose stack     at doNTCallback2 (node.js:429:9)
51 verbose stack     at process._tickCallback (node.js:343:17)
52 verbose cwd /Users/danielpark/Documents/workspaces/metblue
53 error Darwin 15.0.0
54 error argv "/usr/local/bin/node" "/usr/local/bin/npm" "install" "rails"
55 error node v4.1.1
56 error npm  v2.14.4
57 error shasum check failed for /var/folders/c5/xz3x_wfn6kj6dws2j425fn8w0000gn/T/npm-6661-7cfb1f17/registry.npmjs.org/rails/-/rails-4.1.0-beta.tgz
57 error Expected: 9eb5552e380e7ad3aaacd1e453e80bdc2566adc4
57 error Actual:   7c6781caa4c55e5ce1783c450b8d494c6093d5c0
57 error From:     https://registry.npmjs.org/rails/-/rails-4.1.0-beta.tgz
58 error If you need help, you may report this error at:
58 error     <https://github.com/npm/npm/issues>
59 verbose exit [ 1, true ]
